2017-03-09 10:53:20 [ main:0 ] - [ INFO ] [Ljava.lang.String;@2b5660ee
2017-03-09 11:13:33 [ main:0 ] - [ INFO ] [Ljava.lang.String;@6a8f5ad
2017-03-09 11:14:33 [ main:0 ] - [ INFO ] [Ljava.lang.String;@6a8f5ad
2017-03-09 11:15:11 [ main:0 ] - [ INFO ] [Ljava.lang.String;@3e993445
2017-03-09 11:16:48 [ main:0 ] - [ INFO ] [Ljava.lang.String;@37b1e2a3
2017-03-09 11:19:02 [ main:0 ] - [ INFO ] [Ljava.lang.String;@3e993445
2017-03-09 11:22:43 [ main:0 ] - [ INFO ] [Ljava.lang.String;@6a8f5ad
2017-03-09 11:24:06 [ main:0 ] - [ INFO ] [Ljava.lang.String;@6a8f5ad
2017-03-09 11:24:50 [ main:0 ] - [ INFO ] [Ljava.lang.String;@37b1e2a3
2017-03-09 11:25:28 [ main:0 ] - [ INFO ] [Ljava.lang.String;@6f1b8a4c
2017-03-09 11:26:33 [ main:0 ] - [ INFO ] [Ljava.lang.String;@4067d00a
2017-03-09 11:27:44 [ main:0 ] - [ INFO ] [Ljava.lang.String;@3e993445
2017-03-09 11:28:25 [ main:0 ] - [ INFO ] [Ljava.lang.String;@5f8b618e
2017-03-09 11:29:15 [ main:0 ] - [ INFO ] [Ljava.lang.String;@6f1b8a4c
2017-03-09 11:29:34 [ main:0 ] - [ INFO ] [Ljava.lang.String;@37b1e2a3
2017-03-09 11:31:01 [ main:0 ] - [ INFO ] [Ljava.lang.String;@4067d00a
2017-03-09 11:31:02 [ main:739 ] - [ DEBUG ] false---false
2017-03-09 11:31:52 [ main:0 ] - [ INFO ] [Ljava.lang.String;@7f9657e5
2017-03-09 11:31:53 [ main:759 ] - [ DEBUG ] false---false
2017-03-09 11:32:20 [ main:0 ] - [ INFO ] [Ljava.lang.String;@5f8b618e
2017-03-09 11:32:21 [ main:749 ] - [ INFO ] false---false
2017-03-09 11:36:45 [ main:0 ] - [ INFO ] [Ljava.lang.String;@37b1e2a3
2017-03-09 11:38:50 [ main:0 ] - [ INFO ] [Ljava.lang.String;@7144e6d4
2017-03-09 11:39:07 [ main:0 ] - [ INFO ] [Ljava.lang.String;@25a59f15
2017-03-09 11:39:48 [ main:0 ] - [ INFO ] [Ljava.lang.String;@645dd2c1
2017-03-09 11:42:37 [ main:0 ] - [ INFO ] [Ljava.lang.String;@196f4e87
2017-03-09 11:44:03 [ main:0 ] - [ INFO ] [Ljava.lang.String;@785f1254
2017-03-09 11:44:11 [ main:0 ] - [ INFO ] [Ljava.lang.String;@69c35e78
2017-03-09 18:29:34 [ main:0 ] - [ INFO ] role-tree--------->>>2
2017-03-09 18:31:36 [ main:0 ] - [ INFO ] to-list--------->>>B
2017-03-09 18:31:36 [ main:2 ] - [ INFO ] to-list--------->>>E
2017-03-09 18:31:36 [ main:55 ] - [ INFO ] to-list--------->>>A
2017-03-09 18:31:36 [ main:56 ] - [ INFO ] to-list--------->>>B
2017-03-09 18:31:36 [ main:56 ] - [ INFO ] to-list--------->>>E
2017-03-09 18:31:36 [ main:148 ] - [ INFO ] role-tree--------->>>2
2017-03-09 18:31:36 [ main:148 ] - [ INFO ] to-list--------->>>B
2017-03-09 18:31:36 [ main:148 ] - [ INFO ] to-list--------->>>E
2017-03-09 18:31:36 [ main:148 ] - [ INFO ] to-list--------->>>F
2017-03-09 18:31:36 [ main:148 ] - [ INFO ] to-list--------->>>C
2017-03-09 18:31:36 [ main:170 ] - [ INFO ] to-list--------->>>A
2017-03-09 18:31:36 [ main:170 ] - [ INFO ] to-list--------->>>B
2017-03-09 18:31:36 [ main:170 ] - [ INFO ] to-list--------->>>E
2017-03-09 18:31:36 [ main:170 ] - [ INFO ] to-list--------->>>F
2017-03-09 18:31:36 [ main:170 ] - [ INFO ] to-list--------->>>C
2017-03-09 18:45:03 [ main:0 ] - [ INFO ] roletreeleaf------->>>B
2017-03-09 18:45:03 [ main:48 ] - [ INFO ] roletreeleaf------->>>A
2017-03-09 18:46:24 [ main:0 ] - [ INFO ] roletreeleaf------->>>B
2017-03-09 18:46:24 [ main:48 ] - [ INFO ] roletreeleaf------->>>A
2017-03-09 18:47:53 [ main:0 ] - [ INFO ] roletreeleaf------->>>B
2017-03-09 18:47:53 [ main:3 ] - [ INFO ] roletreeleaf------->>>E
2017-03-09 18:47:53 [ main:4 ] - [ INFO ] roletreeleaf------->>>F
2017-03-09 18:47:53 [ main:48 ] - [ INFO ] roletreeleaf------->>>A
2017-03-09 18:47:53 [ main:50 ] - [ INFO ] roletreeleaf------->>>B
2017-03-09 18:47:53 [ main:54 ] - [ INFO ] roletreeleaf------->>>E
2017-03-09 18:47:53 [ main:55 ] - [ INFO ] roletreeleaf------->>>F
2017-03-09 18:47:53 [ main:55 ] - [ INFO ] roletreeleaf------->>>C
2017-03-09 18:48:26 [ main:0 ] - [ INFO ] roletreeleaf------->>>B
2017-03-09 18:48:26 [ main:3 ] - [ INFO ] roletreeleaf------->>>E
2017-03-09 18:48:26 [ main:4 ] - [ INFO ] roletreeleaf------->>>F
2017-03-09 18:48:26 [ main:49 ] - [ INFO ] roletreeleaf------->>>A
2017-03-09 18:48:26 [ main:50 ] - [ INFO ] roletreeleaf------->>>B
2017-03-09 18:48:26 [ main:54 ] - [ INFO ] roletreeleaf------->>>E
2017-03-09 18:48:26 [ main:56 ] - [ INFO ] roletreeleaf------->>>F
2017-03-09 18:48:26 [ main:56 ] - [ INFO ] roletreeleaf------->>>C
2017-03-09 19:57:49 [ main:0 ] - [ INFO ] rolenodedao---getnodesbyrole------->>>ff808081598818400159881aae8b0005
2017-03-09 19:57:49 [ main:7 ] - [ INFO ] rolenodedao---getnodesbyrole------->>>ff808081598818400159881a149a0001
2017-03-09 19:58:30 [ main:0 ] - [ INFO ] rolenodedao---getnodesbyrole------->>>ff808081598818400159881aae8b0005
2017-03-09 19:58:30 [ main:8 ] - [ INFO ] rolenodedao---getnodesbyrole------->>>3
2017-03-09 19:58:30 [ main:8 ] - [ INFO ] rolenodedao---getnodesbyrole------->>>ff808081598818400159881a149a0001
2017-03-09 19:58:30 [ main:16 ] - [ INFO ] rolenodedao---getnodesbyrole------->>>5
2017-03-09 20:08:57 [ main:0 ] - [ INFO ] rolenodedao---getnodesbyrole------->>>ff808081598818400159881aae8b0005
2017-03-09 20:08:57 [ main:8 ] - [ INFO ] rolenodedao---getnodesbyrole------->>>3
2017-03-09 20:08:57 [ main:8 ] - [ INFO ] rolenodedao---getnodesbyrole------->>>ff808081598818400159881a149a0001
2017-03-09 20:08:57 [ main:16 ] - [ INFO ] rolenodedao---getnodesbyrole------->>>5
2017-03-09 20:10:35 [ main:0 ] - [ INFO ] rolenodedao---getnodesbyrole------->>>ff808081598818400159881aae8b0005
2017-03-09 20:10:35 [ main:7 ] - [ INFO ] rolenodedao---getnodesbyrole------->>>3
2017-03-09 20:10:35 [ main:7 ] - [ INFO ] rolenodedao---getnodesbyrole------->>>ff808081598818400159881a149a0001
2017-03-09 20:10:35 [ main:15 ] - [ INFO ] rolenodedao---getnodesbyrole------->>>节点组1
2017-03-09 20:10:35 [ main:16 ] - [ INFO ] rolenodedao---getnodesbyrole------->>>节点2
2017-03-09 20:10:35 [ main:16 ] - [ INFO ] rolenodedao---getnodesbyrole------->>>5
2017-03-09 20:11:13 [ main:0 ] - [ INFO ] rolenodedao---getnodesbyrole------->>>ff808081598818400159881aae8b0005
2017-03-09 20:11:13 [ main:7 ] - [ INFO ] rolenodedao---getnodesbyrole------->>>3
2017-03-09 20:11:13 [ main:7 ] - [ INFO ] rolenodedao---getnodesbyrole------->>>ff808081598818400159881a149a0001
2017-03-09 20:11:13 [ main:15 ] - [ INFO ] rolenodedao---getnodesbyrole------->>>ff80808159ac6d4b0159ac74e8980001
2017-03-09 20:11:13 [ main:15 ] - [ INFO ] rolenodedao---getnodesbyrole------->>>ff80808159ac6d4b0159ac7688580006
2017-03-09 20:11:13 [ main:16 ] - [ INFO ] rolenodedao---getnodesbyrole------->>>5
2017-03-09 20:21:22 [ main:0 ] - [ ERROR ] org.hibernate.NonUniqueObjectException: a different object with the same identifier value was already associated with the session: [dtx.oa.rbac.model.Node#ff80808159ac6d4b0159ac755ebf0002]
2017-03-09 20:21:22 [ main:16 ] - [ ERROR ] org.hibernate.NonUniqueObjectException: a different object with the same identifier value was already associated with the session: [dtx.oa.rbac.model.Node#ff80808159ac6d4b0159ac755ebf0002]
2017-03-09 20:22:44 [ main:0 ] - [ ERROR ] org.hibernate.NonUniqueObjectException: a different object with the same identifier value was already associated with the session: [dtx.oa.rbac.model.Node#ff80808159ac6d4b0159ac755ebf0002]
2017-03-09 20:22:44 [ main:17 ] - [ ERROR ] org.hibernate.NonUniqueObjectException: a different object with the same identifier value was already associated with the session: [dtx.oa.rbac.model.Node#ff80808159ac6d4b0159ac755ebf0002]
2017-03-09 20:23:56 [ main:0 ] - [ ERROR ] org.hibernate.NonUniqueObjectException: a different object with the same identifier value was already associated with the session: [dtx.oa.rbac.model.Node#ff80808159ac6d4b0159ac755ebf0002]
2017-03-09 20:23:56 [ main:17 ] - [ ERROR ] org.hibernate.NonUniqueObjectException: a different object with the same identifier value was already associated with the session: [dtx.oa.rbac.model.Node#ff80808159ac6d4b0159ac755ebf0002]
2017-03-09 20:24:29 [ main:0 ] - [ ERROR ] org.hibernate.NonUniqueObjectException: a different object with the same identifier value was already associated with the session: [dtx.oa.rbac.model.Node#ff80808159ac6d4b0159ac755ebf0002]
2017-03-09 20:24:29 [ main:16 ] - [ ERROR ] org.hibernate.NonUniqueObjectException: a different object with the same identifier value was already associated with the session: [dtx.oa.rbac.model.Node#ff80808159ac6d4b0159ac755ebf0002]
2017-03-09 20:31:37 [ main:0 ] - [ INFO ] nodetree---init------->>>1
2017-03-09 20:31:37 [ main:89 ] - [ INFO ] nodetree---init------->>>1
2017-03-09 20:33:26 [ main:1 ] - [ INFO ] nodedao---getallchildsbytype------->>>1
2017-03-09 20:33:26 [ main:2 ] - [ INFO ] nodetree---init------->>>1
2017-03-09 20:33:27 [ main:80 ] - [ INFO ] nodedao---getallchildsbytype------->>>1
2017-03-09 20:33:27 [ main:81 ] - [ INFO ] nodetree---init------->>>1
2017-03-09 20:33:43 [ main:0 ] - [ INFO ] nodedao---getallchildsbytype------->>>2
2017-03-09 20:33:43 [ main:1 ] - [ INFO ] nodetree---init------->>>2
2017-03-09 20:33:43 [ main:92 ] - [ INFO ] nodedao---getallchildsbytype------->>>1
2017-03-09 20:33:43 [ main:93 ] - [ INFO ] nodetree---init------->>>1
