2017-06-17 17:02:16 [ main:6895 ] - [ ERROR ] Error while closing command context
org.activiti.bpmn.exceptions.XMLException: 与元素类型 "null" 相关联的 "name" 属性值不能包含 '<' 字符。
	at org.activiti.bpmn.converter.BpmnXMLConverter.convertToBpmnModel(BpmnXMLConverter.java:280)
	at org.activiti.engine.impl.bpmn.parser.BpmnParse.execute(BpmnParse.java:187)
	at org.activiti.engine.impl.bpmn.deployer.BpmnDeployer.deploy(BpmnDeployer.java:136)
	at org.activiti.engine.impl.persistence.deploy.DeploymentManager.deploy(DeploymentManager.java:58)
	at org.activiti.engine.impl.cmd.DeployCmd.execute(DeployCmd.java:106)
	at org.activiti.engine.impl.cmd.DeployCmd.execute(DeployCmd.java:37)
	at org.activiti.engine.impl.interceptor.CommandInvoker.execute(CommandInvoker.java:24)
	at org.activiti.engine.impl.interceptor.CommandContextInterceptor.execute(CommandContextInterceptor.java:57)
	at org.activiti.spring.SpringTransactionInterceptor$1.doInTransaction(SpringTransactionInterceptor.java:47)
	at org.springframework.transaction.support.TransactionTemplate.execute(TransactionTemplate.java:133)
	at org.activiti.spring.SpringTransactionInterceptor.execute(SpringTransactionInterceptor.java:45)
	at org.activiti.engine.impl.interceptor.LogInterceptor.execute(LogInterceptor.java:37)
	at org.activiti.engine.impl.cfg.CommandExecutorImpl.execute(CommandExecutorImpl.java:40)
	at org.activiti.engine.impl.cfg.CommandExecutorImpl.execute(CommandExecutorImpl.java:35)
	at org.activiti.engine.impl.RepositoryServiceImpl.deploy(RepositoryServiceImpl.java:79)
	at org.activiti.engine.impl.repository.DeploymentBuilderImpl.deploy(DeploymentBuilderImpl.java:156)
	at dtx.oa.workflow.app.TestModelXML.main(TestModelXML.java:33)
Caused by: org.xml.sax.SAXParseException; lineNumber: 7; columnNumber: 76; 与元素类型 "null" 相关联的 "name" 属性值不能包含 '<' 字符。
	at com.sun.org.apache.xerces.internal.util.ErrorHandlerWrapper.createSAXParseException(ErrorHandlerWrapper.java:198)
	at com.sun.org.apache.xerces.internal.util.ErrorHandlerWrapper.fatalError(ErrorHandlerWrapper.java:177)
	at com.sun.org.apache.xerces.internal.impl.XMLErrorReporter.reportError(XMLErrorReporter.java:441)
	at com.sun.org.apache.xerces.internal.impl.XMLErrorReporter.reportError(XMLErrorReporter.java:368)
	at com.sun.org.apache.xerces.internal.impl.XMLScanner.reportFatalError(XMLScanner.java:1436)
	at com.sun.org.apache.xerces.internal.impl.XMLScanner.scanAttributeValue(XMLScanner.java:954)
	at com.sun.org.apache.xerces.internal.impl.XMLNSDocumentScannerImpl.scanAttribute(XMLNSDocumentScannerImpl.java:438)
	at com.sun.org.apache.xerces.internal.impl.XMLNSDocumentScannerImpl.scanStartElement(XMLNSDocumentScannerImpl.java:254)
	at com.sun.org.apache.xerces.internal.impl.XMLDocumentFragmentScannerImpl$FragmentContentDriver.next(XMLDocumentFragmentScannerImpl.java:2770)
	at com.sun.org.apache.xerces.internal.impl.XMLDocumentScannerImpl.next(XMLDocumentScannerImpl.java:606)
	at com.sun.org.apache.xerces.internal.impl.XMLNSDocumentScannerImpl.next(XMLNSDocumentScannerImpl.java:117)
	at com.sun.org.apache.xerces.internal.impl.XMLDocumentFragmentScannerImpl.scanDocument(XMLDocumentFragmentScannerImpl.java:510)
	at com.sun.org.apache.xerces.internal.parsers.XML11Configuration.parse(XML11Configuration.java:848)
	at com.sun.org.apache.xerces.internal.parsers.XML11Configuration.parse(XML11Configuration.java:777)
	at com.sun.org.apache.xerces.internal.jaxp.validation.StreamValidatorHelper.validate(StreamValidatorHelper.java:155)
	at com.sun.org.apache.xerces.internal.jaxp.validation.ValidatorImpl.validate(ValidatorImpl.java:116)
	at javax.xml.validation.Validator.validate(Validator.java:124)
	at org.activiti.bpmn.converter.BpmnXMLConverter.validateModel(BpmnXMLConverter.java:214)
	at org.activiti.bpmn.converter.BpmnXMLConverter.convertToBpmnModel(BpmnXMLConverter.java:269)
	... 16 more
